2014-07-12 10:54:03 Error: [MissingControllerException] Controller class ImagesController could not be found.
Exception Attributes: array (
  'class' => 'ImagesController',
  'plugin' => NULL,
)
Request URL: /images/index
Stack Trace:
#0 /Users/johndoyle/Sites/fedex/app/webroot/index.php(108): Dispatcher->dispatch(Object(CakeRequest), Object(CakeResponse))
#1 {main}
2014-07-12 10:55:31 Error: Fatal Error (1): Call to a member function find() on a non-object in [/Users/johndoyle/Sites/fedex/app/Controller/ImagesController.php, line 7]
2014-07-12 10:55:31 Error: [FatalErrorException] Call to a member function find() on a non-object
Request URL: /images/index
Stack Trace:
#0 /Users/johndoyle/Sites/fedex/lib/Cake/Error/ErrorHandler.php(204): ErrorHandler::handleFatalError(1, 'Call to a membe...', '/Users/johndoyl...', 7)
#1 [internal function]: ErrorHandler::handleError(1, 'Call to a membe...', '/Users/johndoyl...', 7, Array)
#2 /Users/johndoyle/Sites/fedex/lib/Cake/Core/App.php(929): call_user_func('ErrorHandler::h...', 1, 'Call to a membe...', '/Users/johndoyl...', 7, Array)
#3 /Users/johndoyle/Sites/fedex/lib/Cake/Core/App.php(902): App::_checkFatalError()
#4 [internal function]: App::shutdown()
#5 {main}
2014-07-12 11:13:33 Error: Fatal Error (1): Call to a member function find() on a non-object in [/Users/johndoyle/Sites/fedex/app/Controller/ImagesController.php, line 7]
2014-07-12 11:13:33 Error: [FatalErrorException] Call to a member function find() on a non-object
Request URL: /images/index
Stack Trace:
#0 /Users/johndoyle/Sites/fedex/lib/Cake/Error/ErrorHandler.php(204): ErrorHandler::handleFatalError(1, 'Call to a membe...', '/Users/johndoyl...', 7)
#1 [internal function]: ErrorHandler::handleError(1, 'Call to a membe...', '/Users/johndoyl...', 7, Array)
#2 /Users/johndoyle/Sites/fedex/lib/Cake/Core/App.php(929): call_user_func('ErrorHandler::h...', 1, 'Call to a membe...', '/Users/johndoyl...', 7, Array)
#3 /Users/johndoyle/Sites/fedex/lib/Cake/Core/App.php(902): App::_checkFatalError()
#4 [internal function]: App::shutdown()
#5 {main}
2014-07-12 11:20:46 Error: [MissingTableException] Table images for model Image was not found in datasource default.
Exception Attributes: array (
  'table' => 'images',
  'class' => 'Image',
  'ds' => 'default',
)
Request URL: /image/index
Stack Trace:
#0 /Users/johndoyle/Sites/fedex/lib/Cake/Model/Model.php(3504): Model->setSource('images')
#1 /Users/johndoyle/Sites/fedex/lib/Cake/Model/Model.php(2905): Model->getDataSource()
#2 /Users/johndoyle/Sites/fedex/lib/Cake/Model/Model.php(2877): Model->_readDataSource('all', Array)
#3 /Users/johndoyle/Sites/fedex/app/Controller/ImageController.php(7): Model->find('all')
#4 [internal function]: ImageController->index()
#5 /Users/johndoyle/Sites/fedex/lib/Cake/Controller/Controller.php(490): ReflectionMethod->invokeArgs(Object(ImageController), Array)
#6 /Users/johndoyle/Sites/fedex/lib/Cake/Routing/Dispatcher.php(191): Controller->invokeAction(Object(CakeRequest))
#7 /Users/johndoyle/Sites/fedex/lib/Cake/Routing/Dispatcher.php(165): Dispatcher->_invoke(Object(ImageController), Object(CakeRequest))
#8 /Users/johndoyle/Sites/fedex/app/webroot/index.php(108): Dispatcher->dispatch(Object(CakeRequest), Object(CakeResponse))
#9 {main}
2014-07-12 11:22:02 Error: Fatal Error (4): syntax error, unexpected ')', expecting '(' in [/Users/johndoyle/Sites/fedex/app/View/Image/index.ctp, line 17]
2014-07-12 11:22:02 Error: [FatalErrorException] syntax error, unexpected ')', expecting '('
Request URL: /image/index
Stack Trace:
#0 /Users/johndoyle/Sites/fedex/lib/Cake/Error/ErrorHandler.php(204): ErrorHandler::handleFatalError(4, 'syntax error, u...', '/Users/johndoyl...', 17)
#1 [internal function]: ErrorHandler::handleError(4, 'syntax error, u...', '/Users/johndoyl...', 17, Array)
#2 /Users/johndoyle/Sites/fedex/lib/Cake/Core/App.php(929): call_user_func('ErrorHandler::h...', 4, 'syntax error, u...', '/Users/johndoyl...', 17, Array)
#3 /Users/johndoyle/Sites/fedex/lib/Cake/Core/App.php(902): App::_checkFatalError()
#4 [internal function]: App::shutdown()
#5 {main}
2014-07-12 11:22:58 Error: Fatal Error (4): syntax error, unexpected ')', expecting '(' in [/Users/johndoyle/Sites/fedex/app/View/Image/index.ctp, line 17]
2014-07-12 11:22:58 Error: [FatalErrorException] syntax error, unexpected ')', expecting '('
Request URL: /image/index
Stack Trace:
#0 /Users/johndoyle/Sites/fedex/lib/Cake/Error/ErrorHandler.php(204): ErrorHandler::handleFatalError(4, 'syntax error, u...', '/Users/johndoyl...', 17)
#1 [internal function]: ErrorHandler::handleError(4, 'syntax error, u...', '/Users/johndoyl...', 17, Array)
#2 /Users/johndoyle/Sites/fedex/lib/Cake/Core/App.php(929): call_user_func('ErrorHandler::h...', 4, 'syntax error, u...', '/Users/johndoyl...', 17, Array)
#3 /Users/johndoyle/Sites/fedex/lib/Cake/Core/App.php(902): App::_checkFatalError()
#4 [internal function]: App::shutdown()
#5 {main}
2014-07-12 11:23:01 Error: Fatal Error (4): syntax error, unexpected ')', expecting '(' in [/Users/johndoyle/Sites/fedex/app/View/Image/index.ctp, line 17]
2014-07-12 11:23:01 Error: [FatalErrorException] syntax error, unexpected ')', expecting '('
Request URL: /image/index
Stack Trace:
#0 /Users/johndoyle/Sites/fedex/lib/Cake/Error/ErrorHandler.php(204): ErrorHandler::handleFatalError(4, 'syntax error, u...', '/Users/johndoyl...', 17)
#1 [internal function]: ErrorHandler::handleError(4, 'syntax error, u...', '/Users/johndoyl...', 17, Array)
#2 /Users/johndoyle/Sites/fedex/lib/Cake/Core/App.php(929): call_user_func('ErrorHandler::h...', 4, 'syntax error, u...', '/Users/johndoyl...', 17, Array)
#3 /Users/johndoyle/Sites/fedex/lib/Cake/Core/App.php(902): App::_checkFatalError()
#4 [internal function]: App::shutdown()
#5 {main}
2014-07-12 22:43:28 Error: Fatal Error (4): syntax error, unexpected ';' in [/Users/johndoyle/Sites/fedex/app/View/Image/index.ctp, line 20]
2014-07-12 22:43:28 Error: [FatalErrorException] syntax error, unexpected ';'
Request URL: /image/index
Stack Trace:
#0 /Users/johndoyle/Sites/fedex/lib/Cake/Error/ErrorHandler.php(204): ErrorHandler::handleFatalError(4, 'syntax error, u...', '/Users/johndoyl...', 20)
#1 [internal function]: ErrorHandler::handleError(4, 'syntax error, u...', '/Users/johndoyl...', 20, Array)
#2 /Users/johndoyle/Sites/fedex/lib/Cake/Core/App.php(929): call_user_func('ErrorHandler::h...', 4, 'syntax error, u...', '/Users/johndoyl...', 20, Array)
#3 /Users/johndoyle/Sites/fedex/lib/Cake/Core/App.php(902): App::_checkFatalError()
#4 [internal function]: App::shutdown()
#5 {main}
2014-07-12 22:47:31 Error: [MissingControllerException] Controller class ImagesController could not be found.
Exception Attributes: array (
  'class' => 'ImagesController',
  'plugin' => NULL,
)
Request URL: /images/add
Stack Trace:
#0 /Users/johndoyle/Sites/fedex/app/webroot/index.php(108): Dispatcher->dispatch(Object(CakeRequest), Object(CakeResponse))
#1 {main}
2014-07-12 23:19:19 Error: Fatal Error (4): syntax error, unexpected '}' in [/Users/johndoyle/Sites/fedex/app/Controller/ImageController.php, line 21]
2014-07-12 23:19:19 Error: [FatalErrorException] syntax error, unexpected '}'
Request URL: /image/add
Stack Trace:
#0 /Users/johndoyle/Sites/fedex/lib/Cake/Error/ErrorHandler.php(204): ErrorHandler::handleFatalError(4, 'syntax error, u...', '/Users/johndoyl...', 21)
#1 [internal function]: ErrorHandler::handleError(4, 'syntax error, u...', '/Users/johndoyl...', 21, Array)
#2 /Users/johndoyle/Sites/fedex/lib/Cake/Core/App.php(929): call_user_func('ErrorHandler::h...', 4, 'syntax error, u...', '/Users/johndoyl...', 21, Array)
#3 /Users/johndoyle/Sites/fedex/lib/Cake/Core/App.php(902): App::_checkFatalError()
#4 [internal function]: App::shutdown()
#5 {main}
2014-07-12 23:54:43 Error: [PDOException] SQLSTATE[42000]: Syntax error or access violation: 1064 You have an error in your SQL syntax; check the manual that corresponds to your MySQL server version for the right syntax to use near 'element' at line 1
Request URL: /image/add
Stack Trace:
#0 /Users/johndoyle/Sites/fedex/lib/Cake/Model/Datasource/DboSource.php(458): PDOStatement->execute(Array)
#1 /Users/johndoyle/Sites/fedex/lib/Cake/Model/Datasource/DboSource.php(424): DboSource->_execute('element', Array)
#2 /Users/johndoyle/Sites/fedex/lib/Cake/Model/Datasource/DboSource.php(666): DboSource->execute('element', Array, Array)
#3 /Users/johndoyle/Sites/fedex/lib/Cake/Model/Datasource/DboSource.php(609): DboSource->fetchAll('element', Array, Array)
#4 /Users/johndoyle/Sites/fedex/lib/Cake/Model/Model.php(800): DboSource->query('element', Array, Object(Image))
#5 /Users/johndoyle/Sites/fedex/app/Controller/ImageController.php(20): Model->__call('element', Array)
#6 /Users/johndoyle/Sites/fedex/app/Controller/ImageController.php(20): Image->element('sql_dump')
#7 [internal function]: ImageController->add()
#8 /Users/johndoyle/Sites/fedex/lib/Cake/Controller/Controller.php(490): ReflectionMethod->invokeArgs(Object(ImageController), Array)
#9 /Users/johndoyle/Sites/fedex/lib/Cake/Routing/Dispatcher.php(191): Controller->invokeAction(Object(CakeRequest))
#10 /Users/johndoyle/Sites/fedex/lib/Cake/Routing/Dispatcher.php(165): Dispatcher->_invoke(Object(ImageController), Object(CakeRequest))
#11 /Users/johndoyle/Sites/fedex/app/webroot/index.php(108): Dispatcher->dispatch(Object(CakeRequest), Object(CakeResponse))
#12 {main}
2014-07-12 23:55:26 Error: [PDOException] SQLSTATE[42000]: Syntax error or access violation: 1064 You have an error in your SQL syntax; check the manual that corresponds to your MySQL server version for the right syntax to use near 'element' at line 1
Request URL: /image/add
Stack Trace:
#0 /Users/johndoyle/Sites/fedex/lib/Cake/Model/Datasource/DboSource.php(458): PDOStatement->execute(Array)
#1 /Users/johndoyle/Sites/fedex/lib/Cake/Model/Datasource/DboSource.php(424): DboSource->_execute('element', Array)
#2 /Users/johndoyle/Sites/fedex/lib/Cake/Model/Datasource/DboSource.php(666): DboSource->execute('element', Array, Array)
#3 /Users/johndoyle/Sites/fedex/lib/Cake/Model/Datasource/DboSource.php(609): DboSource->fetchAll('element', Array, Array)
#4 /Users/johndoyle/Sites/fedex/lib/Cake/Model/Model.php(800): DboSource->query('element', Array, Object(Image))
#5 /Users/johndoyle/Sites/fedex/app/Controller/ImageController.php(20): Model->__call('element', Array)
#6 /Users/johndoyle/Sites/fedex/app/Controller/ImageController.php(20): Image->element('sql_dump')
#7 [internal function]: ImageController->add()
#8 /Users/johndoyle/Sites/fedex/lib/Cake/Controller/Controller.php(490): ReflectionMethod->invokeArgs(Object(ImageController), Array)
#9 /Users/johndoyle/Sites/fedex/lib/Cake/Routing/Dispatcher.php(191): Controller->invokeAction(Object(CakeRequest))
#10 /Users/johndoyle/Sites/fedex/lib/Cake/Routing/Dispatcher.php(165): Dispatcher->_invoke(Object(ImageController), Object(CakeRequest))
#11 /Users/johndoyle/Sites/fedex/app/webroot/index.php(108): Dispatcher->dispatch(Object(CakeRequest), Object(CakeResponse))
#12 {main}
